<?xml version="1.0" encoding="UTF-8"?>
<testng-results skipped="0" failed="0" ignored="0" total="1" passed="1">
  <reporter-output>
  </reporter-output>
  <suite name="Default suite" duration-ms="13919" started-at="2022-01-23T21:41:39 CST" finished-at="2022-01-23T21:41:53 CST">
    <groups>
    </groups>
    <test name="Default test" duration-ms="13919" started-at="2022-01-23T21:41:39 CST" finished-at="2022-01-23T21:41:53 CST">
      <class name="test.LoginTest">
        <test-method status="PASS" signature="initializeBrowser()[pri:0, instance:test.LoginTest@2a742aa2]" name="initializeBrowser" is-config="true" duration-ms="2684" started-at="2022-01-23T21:41:39 CST" finished-at="2022-01-23T21:41:42 CST">
          <reporter-output>
          </reporter-output>
        </test-method> <!-- initializeBrowser -->
        <test-method status="PASS" signature="enterCredentialsAndSignIn()[pri:0, instance:test.LoginTest@2a742aa2]" name="enterCredentialsAndSignIn" duration-ms="10565" started-at="2022-01-23T21:41:42 CST" finished-at="2022-01-23T21:41:52 CST">
          <reporter-output>
          </reporter-output>
        </test-method> <!-- enterCredentialsAndSignIn -->
        <test-method status="PASS" signature="closeAndQuitBrowser()[pri:0, instance:test.LoginTest@2a742aa2]" name="closeAndQuitBrowser" is-config="true" duration-ms="645" started-at="2022-01-23T21:41:52 CST" finished-at="2022-01-23T21:41:53 CST">
          <reporter-output>
          </reporter-output>
        </test-method> <!-- closeAndQuitBrowser -->
      </class> <!-- test.LoginTest -->
    </test> <!-- Default test -->
  </suite> <!-- Default suite -->
</testng-results>
